2002.09.03 16:03 B C:\Inetpub\wwwroot\backup\Rome\History.mht <-- lawruk.com /Rome History.mht
2002.09.03 16:03 B C:\Inetpub\wwwroot\backup\Rome\index.html <-- lawruk.com /Rome index.html
2002.09.03 16:03 B C:\Inetpub\wwwroot\backup\Rome\Language.doc <-- lawruk.com /Rome Language.doc
2002.09.03 16:03 B C:\Inetpub\wwwroot\backup\Rome\language.txt <-- lawruk.com /Rome language.txt
2002.09.03 16:03 B C:\Inetpub\wwwroot\backup\Rome\romecss.css <-- lawruk.com /Rome romecss.css
2002.09.03 16:03 B C:\Inetpub\wwwroot\backup\Rome\spanishsteps.txt <-- lawruk.com /Rome spanishsteps.txt
2002.09.03 16:03 B C:\Inetpub\wwwroot\backup\Rome\spanishsteps2.txt <-- lawruk.com /Rome spanishsteps2.txt
2002.09.03 16:03 B C:\Inetpub\wwwroot\backup\Rome\stpeters.txt <-- lawruk.com /Rome stpeters.txt
2002.09.03 16:03 B C:\Inetpub\wwwroot\backup\Rome\stpeters2.txt <-- lawruk.com /Rome stpeters2.txt
2002.09.03 16:03 B C:\Inetpub\wwwroot\backup\Rome\vatican museum.txt <-- lawruk.com /Rome vatican museum.txt
2002.09.03 16:03 B C:\Inetpub\wwwroot\backup\Rome\vatican.txt <-- lawruk.com /Rome vatican.txt
2002.09.03 16:03 B C:\Inetpub\wwwroot\backup\Rome\vocab.txt <-- lawruk.com /Rome vocab.txt
2002.09.03 16:03 B C:\Inetpub\wwwroot\backup\Rome\vocab.xls <-- lawruk.com /Rome vocab.xls
2003.01.23 10:31 B C:\Inetpub\wwwroot\Rome\History.mht --> lawruk.com /jlawruk/wwwroot/Rome History.mht
2003.01.23 10:31 B C:\Inetpub\wwwroot\Rome\index.html --> lawruk.com /jlawruk/wwwroot/Rome index.html
2003.01.23 10:31 B C:\Inetpub\wwwroot\Rome\Language.doc --> lawruk.com /jlawruk/wwwroot/Rome Language.doc
2003.01.23 10:31 B C:\Inetpub\wwwroot\Rome\language.txt --> lawruk.com /jlawruk/wwwroot/Rome language.txt
2003.01.23 10:31 B C:\Inetpub\wwwroot\Rome\romecss.css --> lawruk.com /jlawruk/wwwroot/Rome romecss.css
2003.01.23 10:31 B C:\Inetpub\wwwroot\Rome\spanishsteps.txt --> lawruk.com /jlawruk/wwwroot/Rome spanishsteps.txt
2003.01.23 10:31 B C:\Inetpub\wwwroot\Rome\spanishsteps2.txt --> lawruk.com /jlawruk/wwwroot/Rome spanishsteps2.txt
2003.01.23 10:31 B C:\Inetpub\wwwroot\Rome\stpeters.txt --> lawruk.com /jlawruk/wwwroot/Rome stpeters.txt
2003.01.23 10:31 B C:\Inetpub\wwwroot\Rome\stpeters2.txt --> lawruk.com /jlawruk/wwwroot/Rome stpeters2.txt
2003.01.23 10:31 B C:\Inetpub\wwwroot\Rome\vatican museum.txt --> lawruk.com /jlawruk/wwwroot/Rome vatican museum.txt
2003.01.23 10:31 B C:\Inetpub\wwwroot\Rome\vatican.txt --> lawruk.com /jlawruk/wwwroot/Rome vatican.txt
2003.01.23 10:31 B C:\Inetpub\wwwroot\Rome\vocab.txt --> lawruk.com /jlawruk/wwwroot/Rome vocab.txt
2003.01.23 10:31 B C:\Inetpub\wwwroot\Rome\vocab.xls --> lawruk.com /jlawruk/wwwroot/Rome vocab.xls
2003.01.23 11:08 B C:\Inetpub\wwwroot\lawruk\Rome\WS_FTP.LOG <-- lawruk.com /jlawruk/wwwroot/Rome WS_FTP.LOG
